<?xml version="1.0" encoding="UTF-8"?>
<testng-results ignored="0" total="2" passed="2" failed="0" skipped="0">
  <reporter-output>
  </reporter-output>
  <suite started-at="2022-08-29T17:57:10 IST" name="Surefire suite" finished-at="2022-08-29T17:57:25 IST" duration-ms="14780">
    <groups>
    </groups>
    <test started-at="2022-08-29T17:57:10 IST" name="Surefire test" finished-at="2022-08-29T17:57:25 IST" duration-ms="14780">
      <class name="Java_Maven.Java_Maven.sampleTest">
        <test-method signature="openBrowser()[pri:0, instance:Java_Maven.Java_Maven.sampleTest@2f465398]" started-at="2022-08-29T17:57:10 IST" name="openBrowser" finished-at="2022-08-29T17:57:25 IST" duration-ms="14707" status="PASS">
          <reporter-output>
          </reporter-output>
        </test-method> <!-- openBrowser -->
      </class> <!-- Java_Maven.Java_Maven.sampleTest -->
      <class name="Java_Maven.Java_Maven.AppTest">
        <test-method signature="testApp()[pri:0, instance:Java_Maven.Java_Maven.AppTest@ed7f8b4]" started-at="2022-08-29T17:57:10 IST" name="testApp" finished-at="2022-08-29T17:57:10 IST" duration-ms="10" status="PASS">
          <reporter-output>
          </reporter-output>
        </test-method> <!-- testApp -->
      </class> <!-- Java_Maven.Java_Maven.AppTest -->
    </test> <!-- Surefire test -->
  </suite> <!-- Surefire suite -->
</testng-results>
