<?xml version="1.0" encoding="UTF-8"?>
<testng-results ignored="0" total="2" passed="2" failed="0" skipped="0">
  <reporter-output>
  </reporter-output>
  <suite started-at="2022-08-29T17:13:32 IST" name="Suite" finished-at="2022-08-29T17:13:52 IST" duration-ms="19794">
    <groups>
    </groups>
    <test started-at="2022-08-29T17:13:32 IST" name="Test" finished-at="2022-08-29T17:13:52 IST" duration-ms="19794">
      <class name="Java_Maven.Java_Maven.sampleTest">
        <test-method signature="openBrowser()[pri:0, instance:Java_Maven.Java_Maven.sampleTest@433defed]" started-at="2022-08-29T17:13:32 IST" name="openBrowser" finished-at="2022-08-29T17:13:52 IST" duration-ms="19682" status="PASS">
          <reporter-output>
          </reporter-output>
        </test-method> <!-- openBrowser -->
      </class> <!-- Java_Maven.Java_Maven.sampleTest -->
      <class name="Java_Maven.Java_Maven.AppTest">
        <test-method signature="testApp()[pri:0, instance:Java_Maven.Java_Maven.AppTest@4f32a3ad]" started-at="2022-08-29T17:13:52 IST" name="testApp" finished-at="2022-08-29T17:13:52 IST" duration-ms="9" status="PASS">
          <reporter-output>
          </reporter-output>
        </test-method> <!-- testApp -->
      </class> <!-- Java_Maven.Java_Maven.AppTest -->
    </test> <!-- Test -->
  </suite> <!-- Suite -->
</testng-results>
